<?xml version="1.0" encoding="UTF-8"?>
<beans xmlns="http://www.springframework.org/schema/beans"
       xmlns:xsi="http://www.w3.org/2001/XMLSchema-instance"
       xsi:schemaLocation="http://www.springframework.org/schema/beans
		https://www.springframework.org/schema/beans/spring-beans.xsd">

    <bean id="motivationEventDao2" class="ru.inspired.MotivationEventFileDao"/> <!-- созданный в тестах и для тестов -->

    <bean id="calc" class="ru.inspired.person.MotivationScoreCalc">
        <constructor-arg name="initialScore" value="0"/>
    </bean>

    <bean id="dailyLogProcessor" class="ru.inspired.person.DailyLogFileProcessor">
        <constructor-arg name="motivationEventDao" ref="motivationEventDao2"/>
    </bean>

</beans>
